<?xml version="1.0" encoding="UTF-8"?>
<!-- Generated by org.testng.reporters.JUnitReportReporter -->
<testsuite hostname="WIN-K9E6EBR4CNI" name="br.uniriotec.propid.rpc.client.ClienteNoProp" tests="100" failures="0" timestamp="12 Mar 2012 19:44:15 GMT" time="6,230" errors="0">
  <testcase name="invokeNoProp" time="0,062" classname="br.uniriotec.propid.rpc.client.ClienteNoProp"/>
  <testcase name="invokeNoProp" time="0,031" classname="br.uniriotec.propid.rpc.client.ClienteNoProp"/>
  <testcase name="invokeNoProp" time="0,015" classname="br.uniriotec.propid.rpc.client.ClienteNoProp"/>
  <testcase name="invokeNoProp" time="0,015" classname="br.uniriotec.propid.rpc.client.ClienteNoProp"/>
  <testcase name="invokeNoProp" time="0,016" classname="br.uniriotec.propid.rpc.client.ClienteNoProp"/>
  <testcase name="invokeNoProp" time="0,015" classname="br.uniriotec.propid.rpc.client.ClienteNoProp"/>
  <testcase name="invokeNoProp" time="0,000" classname="br.uniriotec.propid.rpc.client.ClienteNoProp"/>
  <testcase name="invokeNoProp" time="0,015" classname="br.uniriotec.propid.rpc.client.ClienteNoProp"/>
  <testcase name="invokeNoProp" time="0,016" classname="br.uniriotec.propid.rpc.client.ClienteNoProp"/>
  <testcase name="invokeNoProp" time="0,047" classname="br.uniriotec.propid.rpc.client.ClienteNoProp"/>
  <testcase name="invokeNoProp" time="0,047" classname="br.uniriotec.propid.rpc.client.ClienteNoProp"/>
  <testcase name="invokeNoProp" time="0,016" classname="br.uniriotec.propid.rpc.client.ClienteNoProp"/>
  <testcase name="invokeNoProp" time="0,062" classname="br.uniriotec.propid.rpc.client.ClienteNoProp"/>
  <testcase name="invokeNoProp" time="0,063" classname="br.uniriotec.propid.rpc.client.ClienteNoProp"/>
  <testcase name="invokeNoProp" time="0,031" classname="br.uniriotec.propid.rpc.client.ClienteNoProp"/>
  <testcase name="invokeNoProp" time="0,016" classname="br.uniriotec.propid.rpc.client.ClienteNoProp"/>
  <testcase name="invokeNoProp" time="0,031" classname="br.uniriotec.propid.rpc.client.ClienteNoProp"/>
  <testcase name="invokeNoProp" time="0,000" classname="br.uniriotec.propid.rpc.client.ClienteNoProp"/>
  <testcase name="invokeNoProp" time="0,016" classname="br.uniriotec.propid.rpc.client.ClienteNoProp"/>
  <testcase name="invokeNoProp" time="0,031" classname="br.uniriotec.propid.rpc.client.ClienteNoProp"/>
  <testcase name="invokeNoProp" time="0,016" classname="br.uniriotec.propid.rpc.client.ClienteNoProp"/>
  <testcase name="invokeNoProp" time="0,031" classname="br.uniriotec.propid.rpc.client.ClienteNoProp"/>
  <testcase name="invokeNoProp" time="0,015" classname="br.uniriotec.propid.rpc.client.ClienteNoProp"/>
  <testcase name="invokeNoProp" time="0,031" classname="br.uniriotec.propid.rpc.client.ClienteNoProp"/>
  <testcase name="invokeNoProp" time="0,015" classname="br.uniriotec.propid.rpc.client.ClienteNoProp"/>
  <testcase name="invokeNoProp" time="0,016" classname="br.uniriotec.propid.rpc.client.ClienteNoProp"/>
  <testcase name="invokeNoProp" time="0,016" classname="br.uniriotec.propid.rpc.client.ClienteNoProp"/>
  <testcase name="invokeNoProp" time="0,015" classname="br.uniriotec.propid.rpc.client.ClienteNoProp"/>
  <testcase name="invokeNoProp" time="0,015" classname="br.uniriotec.propid.rpc.client.ClienteNoProp"/>
  <testcase name="invokeNoProp" time="0,031" classname="br.uniriotec.propid.rpc.client.ClienteNoProp"/>
  <testcase name="invokeNoProp" time="0,016" classname="br.uniriotec.propid.rpc.client.ClienteNoProp"/>
  <testcase name="invokeNoProp" time="0,016" classname="br.uniriotec.propid.rpc.client.ClienteNoProp"/>
  <testcase name="invokeNoProp" time="0,047" classname="br.uniriotec.propid.rpc.client.ClienteNoProp"/>
  <testcase name="invokeNoProp" time="0,016" classname="br.uniriotec.propid.rpc.client.ClienteNoProp"/>
  <testcase name="invokeNoProp" time="0,031" classname="br.uniriotec.propid.rpc.client.ClienteNoProp"/>
  <testcase name="invokeNoProp" time="0,047" classname="br.uniriotec.propid.rpc.client.ClienteNoProp"/>
  <testcase name="invokeNoProp" time="0,063" classname="br.uniriotec.propid.rpc.client.ClienteNoProp"/>
  <testcase name="invokeNoProp" time="0,015" classname="br.uniriotec.propid.rpc.client.ClienteNoProp"/>
  <testcase name="invokeNoProp" time="0,110" classname="br.uniriotec.propid.rpc.client.ClienteNoProp"/>
  <testcase name="invokeNoProp" time="0,000" classname="br.uniriotec.propid.rpc.client.ClienteNoProp"/>
  <testcase name="invokeNoProp" time="0,016" classname="br.uniriotec.propid.rpc.client.ClienteNoProp"/>
  <testcase name="invokeNoProp" time="0,032" classname="br.uniriotec.propid.rpc.client.ClienteNoProp"/>
  <testcase name="invokeNoProp" time="0,015" classname="br.uniriotec.propid.rpc.client.ClienteNoProp"/>
  <testcase name="invokeNoProp" time="0,032" classname="br.uniriotec.propid.rpc.client.ClienteNoProp"/>
  <testcase name="invokeNoProp" time="0,031" classname="br.uniriotec.propid.rpc.client.ClienteNoProp"/>
  <testcase name="invokeNoProp" time="0,000" classname="br.uniriotec.propid.rpc.client.ClienteNoProp"/>
  <testcase name="invokeNoProp" time="0,016" classname="br.uniriotec.propid.rpc.client.ClienteNoProp"/>
  <testcase name="invokeNoProp" time="0,047" classname="br.uniriotec.propid.rpc.client.ClienteNoProp"/>
  <testcase name="invokeNoProp" time="0,015" classname="br.uniriotec.propid.rpc.client.ClienteNoProp"/>
  <testcase name="invokeNoProp" time="0,016" classname="br.uniriotec.propid.rpc.client.ClienteNoProp"/>
  <testcase name="invokeNoProp" time="0,015" classname="br.uniriotec.propid.rpc.client.ClienteNoProp"/>
  <testcase name="invokeNoProp" time="0,016" classname="br.uniriotec.propid.rpc.client.ClienteNoProp"/>
  <testcase name="invokeNoProp" time="0,734" classname="br.uniriotec.propid.rpc.client.ClienteNoProp"/>
  <testcase name="invokeNoProp" time="0,031" classname="br.uniriotec.propid.rpc.client.ClienteNoProp"/>
  <testcase name="invokeNoProp" time="0,000" classname="br.uniriotec.propid.rpc.client.ClienteNoProp"/>
  <testcase name="invokeNoProp" time="0,016" classname="br.uniriotec.propid.rpc.client.ClienteNoProp"/>
  <testcase name="invokeNoProp" time="0,078" classname="br.uniriotec.propid.rpc.client.ClienteNoProp"/>
  <testcase name="invokeNoProp" time="0,015" classname="br.uniriotec.propid.rpc.client.ClienteNoProp"/>
  <testcase name="invokeNoProp" time="0,734" classname="br.uniriotec.propid.rpc.client.ClienteNoProp"/>
  <testcase name="invokeNoProp" time="0,032" classname="br.uniriotec.propid.rpc.client.ClienteNoProp"/>
  <testcase name="invokeNoProp" time="0,047" classname="br.uniriotec.propid.rpc.client.ClienteNoProp"/>
  <testcase name="invokeNoProp" time="0,016" classname="br.uniriotec.propid.rpc.client.ClienteNoProp"/>
  <testcase name="invokeNoProp" time="0,016" classname="br.uniriotec.propid.rpc.client.ClienteNoProp"/>
  <testcase name="invokeNoProp" time="0,000" classname="br.uniriotec.propid.rpc.client.ClienteNoProp"/>
  <testcase name="invokeNoProp" time="0,016" classname="br.uniriotec.propid.rpc.client.ClienteNoProp"/>
  <testcase name="invokeNoProp" time="0,015" classname="br.uniriotec.propid.rpc.client.ClienteNoProp"/>
  <testcase name="invokeNoProp" time="0,015" classname="br.uniriotec.propid.rpc.client.ClienteNoProp"/>
  <testcase name="invokeNoProp" time="0,734" classname="br.uniriotec.propid.rpc.client.ClienteNoProp"/>
  <testcase name="invokeNoProp" time="0,015" classname="br.uniriotec.propid.rpc.client.ClienteNoProp"/>
  <testcase name="invokeNoProp" time="0,016" classname="br.uniriotec.propid.rpc.client.ClienteNoProp"/>
  <testcase name="invokeNoProp" time="0,016" classname="br.uniriotec.propid.rpc.client.ClienteNoProp"/>
  <testcase name="invokeNoProp" time="0,047" classname="br.uniriotec.propid.rpc.client.ClienteNoProp"/>
  <testcase name="invokeNoProp" time="0,016" classname="br.uniriotec.propid.rpc.client.ClienteNoProp"/>
  <testcase name="invokeNoProp" time="0,031" classname="br.uniriotec.propid.rpc.client.ClienteNoProp"/>
  <testcase name="invokeNoProp" time="0,047" classname="br.uniriotec.propid.rpc.client.ClienteNoProp"/>
  <testcase name="invokeNoProp" time="0,015" classname="br.uniriotec.propid.rpc.client.ClienteNoProp"/>
  <testcase name="invokeNoProp" time="0,016" classname="br.uniriotec.propid.rpc.client.ClienteNoProp"/>
  <testcase name="invokeNoProp" time="0,000" classname="br.uniriotec.propid.rpc.client.ClienteNoProp"/>
  <testcase name="invokeNoProp" time="0,062" classname="br.uniriotec.propid.rpc.client.ClienteNoProp"/>
  <testcase name="invokeNoProp" time="0,031" classname="br.uniriotec.propid.rpc.client.ClienteNoProp"/>
  <testcase name="invokeNoProp" time="0,062" classname="br.uniriotec.propid.rpc.client.ClienteNoProp"/>
  <testcase name="invokeNoProp" time="0,015" classname="br.uniriotec.propid.rpc.client.ClienteNoProp"/>
  <testcase name="invokeNoProp" time="0,016" classname="br.uniriotec.propid.rpc.client.ClienteNoProp"/>
  <testcase name="invokeNoProp" time="0,063" classname="br.uniriotec.propid.rpc.client.ClienteNoProp"/>
  <testcase name="invokeNoProp" time="0,078" classname="br.uniriotec.propid.rpc.client.ClienteNoProp"/>
  <testcase name="invokeNoProp" time="0,015" classname="br.uniriotec.propid.rpc.client.ClienteNoProp"/>
  <testcase name="invokeNoProp" time="0,062" classname="br.uniriotec.propid.rpc.client.ClienteNoProp"/>
  <testcase name="invokeNoProp" time="0,016" classname="br.uniriotec.propid.rpc.client.ClienteNoProp"/>
  <testcase name="invokeNoProp" time="0,000" classname="br.uniriotec.propid.rpc.client.ClienteNoProp"/>
  <testcase name="invokeNoProp" time="0,047" classname="br.uniriotec.propid.rpc.client.ClienteNoProp"/>
  <testcase name="invokeNoProp" time="0,734" classname="br.uniriotec.propid.rpc.client.ClienteNoProp"/>
  <testcase name="invokeNoProp" time="0,015" classname="br.uniriotec.propid.rpc.client.ClienteNoProp"/>
  <testcase name="invokeNoProp" time="0,078" classname="br.uniriotec.propid.rpc.client.ClienteNoProp"/>
  <testcase name="invokeNoProp" time="0,016" classname="br.uniriotec.propid.rpc.client.ClienteNoProp"/>
  <testcase name="invokeNoProp" time="0,032" classname="br.uniriotec.propid.rpc.client.ClienteNoProp"/>
  <testcase name="invokeNoProp" time="0,015" classname="br.uniriotec.propid.rpc.client.ClienteNoProp"/>
  <testcase name="invokeNoProp" time="0,016" classname="br.uniriotec.propid.rpc.client.ClienteNoProp"/>
  <testcase name="invokeNoProp" time="0,734" classname="br.uniriotec.propid.rpc.client.ClienteNoProp"/>
  <testcase name="invokeNoProp" time="0,016" classname="br.uniriotec.propid.rpc.client.ClienteNoProp"/>
  <testcase name="invokeNoProp" time="0,031" classname="br.uniriotec.propid.rpc.client.ClienteNoProp"/>
</testsuite>
